#
# There is insufficient memory for the Java Runtime Environment to continue.
# Native memory allocation (malloc) failed to allocate 4088 bytes for AllocateHeap
# Possible reasons:
#   The system is out of physical RAM or swap space
#   In 32 bit mode, the process size limit was hit
# Possible solutions:
#   Reduce memory load on the system
#   Increase physical memory or swap space
#   Check if swap backing store is full
#   Use 64 bit Java on a 64 bit OS
#   Decrease Java heap size (-Xmx/-Xms)
#   Decrease number of Java threads
#   Decrease Java thread stack sizes (-Xss)
#   Set larger code cache with -XX:ReservedCodeCacheSize=
# This output file may be truncated or incomplete.
#
#  Out of Memory Error (memory/allocation.inline.hpp:61), pid=6368, tid=0x00000000000032ec
#
# JRE version: Java(TM) SE Runtime Environment (8.0_144-b01) (build 1.8.0_144-b01)
# Java VM: Java HotSpot(TM) 64-Bit Server VM (25.144-b01 mixed mode windows-amd64 compressed oops)
# Failed to write core dump. Minidumps are not enabled by default on client versions of Windows
#

---------------  T H R E A D  ---------------

Current thread (0x0000000001e0e000):  GCTaskThread [stack: 0x00000000126c0000,0x00000000127c0000] [id=13036]

Stack: [0x00000000126c0000,0x00000000127c0000]
[error occurred during error reporting (printing stack bounds), id 0xc0000005]

Native frames: (J=compiled Java code, j=interpreted, Vv=VM code, C=native code)


---------------  P R O C E S S  ---------------

Java Threads: ( => current thread )
  0x00000000239db800 JavaThread "pool-1-thread-1" [_thread_blocked, id=11628, stack(0x0000000023180000,0x0000000023280000)]
  0x000000001f533000 JavaThread "pool-2-thread-4" [_thread_blocked, id=4836, stack(0x0000000020000000,0x0000000020100000)]
  0x000000001f537000 JavaThread "pool-2-thread-3" [_thread_blocked, id=10100, stack(0x000000001fdf0000,0x000000001fef0000)]
  0x000000001f536800 JavaThread "pool-2-thread-2" [_thread_blocked, id=26156, stack(0x000000001fbe0000,0x000000001fce0000)]
  0x000000001f4ea800 JavaThread "pool-3-thread-1" [_thread_blocked, id=12364, stack(0x000000001eab0000,0x000000001ebb0000)]
  0x000000001f3e0800 JavaThread "pool-2-thread-1" [_thread_blocked, id=8260, stack(0x000000001f060000,0x000000001f160000)]
  0x000000001d27f800 JavaThread "Service Thread" daemon [_thread_blocked, id=13592, stack(0x000000001eed0000,0x000000001efd0000)]
  0x000000001d1ec000 JavaThread "C1 CompilerThread3" daemon [_thread_blocked, id=24424, stack(0x000000001ed30000,0x000000001ee30000)]
  0x000000001d1e9800 JavaThread "C2 CompilerThread2" daemon [_thread_in_native, id=24360, stack(0x000000001ebc0000,0x000000001ecc0000)]
  0x000000001d1de800 JavaThread "C2 CompilerThread1" daemon [_thread_blocked, id=11856, stack(0x000000001e9b0000,0x000000001eab0000)]
  0x000000001d1d0000 JavaThread "C2 CompilerThread0" daemon [_thread_blocked, id=12028, stack(0x000000001e630000,0x000000001e730000)]
  0x000000001d1bd000 JavaThread "Attach Listener" daemon [_thread_blocked, id=21740, stack(0x000000001e7d0000,0x000000001e8d0000)]
  0x000000001d1cf000 JavaThread "Signal Dispatcher" daemon [_thread_blocked, id=9812, stack(0x000000001e500000,0x000000001e600000)]
  0x000000001c0fd800 JavaThread "Finalizer" daemon [_thread_blocked, id=22768, stack(0x000000001e210000,0x000000001e310000)]
  0x000000001c0f6800 JavaThread "Reference Handler" daemon [_thread_blocked, id=25000, stack(0x000000001e330000,0x000000001e430000)]
  0x000000000049e000 JavaThread "main" [_thread_blocked, id=22700, stack(0x0000000002240000,0x0000000002340000)]

Other Threads:
  0x000000001d160800 VMThread [stack: 0x000000001e100000,0x000000001e200000] [id=13264]
  0x000000001d330000 WatcherThread [stack: 0x000000001f180000,0x000000001f280000] [id=25820]

=>0x0000000001e0e000 (exited) GCTaskThread [stack: 0x00000000126c0000,0x00000000127c0000] [id=13036]

VM state:at safepoint (normal execution)

VM Mutex/Monitor currently owned by a thread:  ([mutex/lock_event])
[0x000000000049c5b0] Threads_lock - owner thread: 0x000000001d160800
[0x000000000049cab0] Heap_lock - owner thread: 0x000000000049e000

Heap:
 PSYoungGen      total 977408K, used 977396K [0x000000076ab00000, 0x00000007b8080000, 0x00000007c0000000)
  eden space 778752K, 100% used [0x000000076ab00000,0x000000079a380000,0x000000079a380000)
  from space 198656K, 99% used [0x00000007a7f00000,0x00000007b40fd0c8,0x00000007b4100000)
  to   space 224768K, 11% used [0x000000079a380000,0x000000079bc1b578,0x00000007a7f00000)
 ParOldGen       total 756736K, used 756730K [0x00000006c0000000, 0x00000006ee300000, 0x000000076ab00000)
  object space 756736K, 99% used [0x00000006c0000000,0x00000006ee2feb88,0x00000006ee300000)
 Metaspace       used 6954K, capacity 7416K, committed 7680K, reserved 1056768K
  class space    used 653K, capacity 688K, committed 768K, reserved 1048576K

Card table byte_map: [0x0000000011700000,0x0000000011f10000] byte_map_base: 0x000000000e100000

Marking Bits: (ParMarkBitMap*) 0x0000000067c9d850
 Begin Bits: [0x0000000012f10000, 0x0000000016f10000)
 End Bits:   [0x0000000016f10000, 0x000000001af10000)

Polling page: 0x0000000000420000

CodeCache: size=245760Kb used=12931Kb max_used=15466Kb free=232828Kb
 bounds [0x0000000002340000, 0x0000000003270000, 0x0000000011340000]
 total_blobs=2901 nmethods=2629 adapters=184
 compilation: enabled

Compilation events (10 events):
Event: 14.815 Thread 0x000000001d1ec000 3387       2       com.android.dx.cf.code.ValueAwareMachine::run (1142 bytes)
Event: 14.817 Thread 0x000000001d1ec000 nmethod 3387 0x00000000026ed2d0 code [0x00000000026ed6a0, 0x00000000026ef098]
Event: 14.832 Thread 0x000000001d1ec000 3388       2       com.android.dx.rop.code.Rop::equals (88 bytes)
Event: 14.832 Thread 0x000000001d1ec000 nmethod 3388 0x000000000261b890 code [0x000000000261ba00, 0x000000000261bcd8]
Event: 14.873 Thread 0x000000001d1de800 nmethod 3356 0x0000000002a81f50 code [0x0000000002a823a0, 0x0000000002a85e38]
Event: 14.873 Thread 0x000000001d1de800 3390   !   4       com.android.dx.cf.code.BytecodeArray::parseInstruction (2764 bytes)
Event: 14.901 Thread 0x000000001d1ec000 3393 %     3       java.util.HashMap::comparableClassFor @ 32 (105 bytes)
Event: 14.902 Thread 0x000000001d1ec000 nmethod 3393% 0x000000000297b390 code [0x000000000297b5a0, 0x000000000297c208]
Event: 14.914 Thread 0x000000001d1ec000 3394       3       com.android.dx.ssa.PhiTypeResolver::run (179 bytes)
Event: 14.915 Thread 0x000000001d1ec000 nmethod 3394 0x0000000002880b50 code [0x0000000002880de0, 0x0000000002881f68]

GC Heap History (10 events):
Event: 8.673 GC heap after
Heap after GC invocations=16 (full 3):
 PSYoungGen      total 846848K, used 152551K [0x000000076ab00000, 0x00000007b4100000, 0x00000007c0000000)
  eden space 694272K, 0% used [0x000000076ab00000,0x000000076ab00000,0x0000000795100000)
  from space 152576K, 99% used [0x0000000795100000,0x000000079e5f9ff0,0x000000079e600000)
  to   space 198656K, 0% used [0x00000007a7f00000,0x00000007a7f00000,0x00000007b4100000)
 ParOldGen       total 473600K, used 343905K [0x00000006c0000000, 0x00000006dce80000, 0x000000076ab00000)
  object space 473600K, 72% used [0x00000006c0000000,0x00000006d4fd8480,0x00000006dce80000)
 Metaspace       used 6836K, capacity 7352K, committed 7680K, reserved 1056768K
  class space    used 646K, capacity 688K, committed 768K, reserved 1048576K
}
Event: 9.325 GC heap before
{Heap before GC invocations=17 (full 3):
 PSYoungGen      total 846848K, used 846823K [0x000000076ab00000, 0x00000007b4100000, 0x00000007c0000000)
  eden space 694272K, 100% used [0x000000076ab00000,0x0000000795100000,0x0000000795100000)
  from space 152576K, 99% used [0x0000000795100000,0x000000079e5f9ff0,0x000000079e600000)
  to   space 198656K, 0% used [0x00000007a7f00000,0x00000007a7f00000,0x00000007b4100000)
 ParOldGen       total 473600K, used 343905K [0x00000006c0000000, 0x00000006dce80000, 0x000000076ab00000)
  object space 473600K, 72% used [0x00000006c0000000,0x00000006d4fd8480,0x00000006dce80000)
 Metaspace       used 6840K, capacity 7352K, committed 7680K, reserved 1056768K
  class space    used 646K, capacity 688K, committed 768K, reserved 1048576K
Event: 9.492 GC heap after
Heap after GC invocations=17 (full 3):
 PSYoungGen      total 977408K, used 174789K [0x000000076ab00000, 0x00000007b8080000, 0x00000007c0000000)
  eden space 778752K, 0% used [0x000000076ab00000,0x000000076ab00000,0x000000079a380000)
  from space 198656K, 87% used [0x00000007a7f00000,0x00000007b29b1668,0x00000007b4100000)
  to   space 224768K, 0% used [0x000000079a380000,0x000000079a380000,0x00000007a7f00000)
 ParOldGen       total 473600K, used 423561K [0x00000006c0000000, 0x00000006dce80000, 0x000000076ab00000)
  object space 473600K, 89% used [0x00000006c0000000,0x00000006d9da2760,0x00000006dce80000)
 Metaspace       used 6840K, capacity 7352K, committed 7680K, reserved 1056768K
  class space    used 646K, capacity 688K, committed 768K, reserved 1048576K
}
Event: 9.493 GC heap before
{Heap before GC invocations=18 (full 4):
 PSYoungGen      total 977408K, used 174789K [0x000000076ab00000, 0x00000007b8080000, 0x00000007c0000000)
  eden space 778752K, 0% used [0x000000076ab00000,0x000000076ab00000,0x000000079a380000)
  from space 198656K, 87% used [0x00000007a7f00000,0x00000007b29b1668,0x00000007b4100000)
  to   space 224768K, 0% used [0x000000079a380000,0x000000079a380000,0x00000007a7f00000)
 ParOldGen       total 473600K, used 423561K [0x00000006c0000000, 0x00000006dce80000, 0x000000076ab00000)
  object space 473600K, 89% used [0x00000006c0000000,0x00000006d9da2760,0x00000006dce80000)
 Metaspace       used 6840K, capacity 7352K, committed 7680K, reserved 1056768K
  class space    used 646K, capacity 688K, committed 768K, reserved 1048576K
Event: 11.710 GC heap after
Heap after GC invocations=18 (full 4):
 PSYoungGen      total 977408K, used 122139K [0x000000076ab00000, 0x00000007b8080000, 0x00000007c0000000)
  eden space 778752K, 0% used [0x000000076ab00000,0x000000076ab00000,0x000000079a380000)
  from space 198656K, 61% used [0x00000007a7f00000,0x00000007af646f48,0x00000007b4100000)
  to   space 224768K, 0% used [0x000000079a380000,0x000000079a380000,0x00000007a7f00000)
 ParOldGen       total 731648K, used 473145K [0x00000006c0000000, 0x00000006eca80000, 0x000000076ab00000)
  object space 731648K, 64% used [0x00000006c0000000,0x00000006dce0e610,0x00000006eca80000)
 Metaspace       used 6840K, capacity 7352K, committed 7680K, reserved 1056768K
  class space    used 646K, capacity 688K, committed 768K, reserved 1048576K
}
Event: 12.738 GC heap before
{Heap before GC invocations=19 (full 4):
 PSYoungGen      total 977408K, used 900891K [0x000000076ab00000, 0x00000007b8080000, 0x00000007c0000000)
  eden space 778752K, 100% used [0x000000076ab00000,0x000000079a380000,0x000000079a380000)
  from space 198656K, 61% used [0x00000007a7f00000,0x00000007af646f48,0x00000007b4100000)
  to   space 224768K, 0% used [0x000000079a380000,0x000000079a380000,0x00000007a7f00000)
 ParOldGen       total 731648K, used 473145K [0x00000006c0000000, 0x00000006eca80000, 0x000000076ab00000)
  object space 731648K, 64% used [0x00000006c0000000,0x00000006dce0e610,0x00000006eca80000)
 Metaspace       used 6847K, capacity 7352K, committed 7680K, reserved 1056768K
  class space    used 647K, capacity 688K, committed 768K, reserved 1048576K
Event: 12.942 GC heap after
Heap after GC invocations=19 (full 4):
 PSYoungGen      total 1003520K, used 224737K [0x000000076ab00000, 0x00000007b8080000, 0x00000007c0000000)
  eden space 778752K, 0% used [0x000000076ab00000,0x000000076ab00000,0x000000079a380000)
  from space 224768K, 99% used [0x000000079a380000,0x00000007a7ef8638,0x00000007a7f00000)
  to   space 198656K, 0% used [0x00000007a7f00000,0x00000007a7f00000,0x00000007b4100000)
 ParOldGen       total 731648K, used 484087K [0x00000006c0000000, 0x00000006eca80000, 0x000000076ab00000)
  object space 731648K, 66% used [0x00000006c0000000,0x00000006dd8bdef0,0x00000006eca80000)
 Metaspace       used 6847K, capacity 7352K, committed 7680K, reserved 1056768K
  class space    used 647K, capacity 688K, committed 768K, reserved 1048576K
}
Event: 13.965 GC heap before
{Heap before GC invocations=20 (full 4):
 PSYoungGen      total 1003520K, used 1003489K [0x000000076ab00000, 0x00000007b8080000, 0x00000007c0000000)
  eden space 778752K, 100% used [0x000000076ab00000,0x000000079a380000,0x000000079a380000)
  from space 224768K, 99% used [0x000000079a380000,0x00000007a7ef8638,0x00000007a7f00000)
  to   space 198656K, 0% used [0x00000007a7f00000,0x00000007a7f00000,0x00000007b4100000)
 ParOldGen       total 731648K, used 484087K [0x00000006c0000000, 0x00000006eca80000, 0x000000076ab00000)
  object space 731648K, 66% used [0x00000006c0000000,0x00000006dd8bdef0,0x00000006eca80000)
 Metaspace       used 6952K, capacity 7416K, committed 7680K, reserved 1056768K
  class space    used 653K, capacity 688K, committed 768K, reserved 1048576K
Event: 14.207 GC heap after
Heap after GC invocations=20 (full 4):
 PSYoungGen      total 977408K, used 198644K [0x000000076ab00000, 0x00000007b8080000, 0x00000007c0000000)
  eden space 778752K, 0% used [0x000000076ab00000,0x000000076ab00000,0x000000079a380000)
  from space 198656K, 99% used [0x00000007a7f00000,0x00000007b40fd0c8,0x00000007b4100000)
  to   space 224768K, 0% used [0x000000079a380000,0x000000079a380000,0x00000007a7f00000)
 ParOldGen       total 731648K, used 610351K [0x00000006c0000000, 0x00000006eca80000, 0x000000076ab00000)
  object space 731648K, 83% used [0x00000006c0000000,0x00000006e540bc58,0x00000006eca80000)
 Metaspace       used 6952K, capacity 7416K, committed 7680K, reserved 1056768K
  class space    used 653K, capacity 688K, committed 768K, reserved 1048576K
}
Event: 14.922 GC heap before
{Heap before GC invocations=21 (full 4):
 PSYoungGen      total 977408K, used 977396K [0x000000076ab00000, 0x00000007b8080000, 0x00000007c0000000)
  eden space 778752K, 100% used [0x000000076ab00000,0x000000079a380000,0x000000079a380000)
  from space 198656K, 99% used [0x00000007a7f00000,0x00000007b40fd0c8,0x00000007b4100000)
  to   space 224768K, 0% used [0x000000079a380000,0x000000079a380000,0x00000007a7f00000)
 ParOldGen       total 731648K, used 610351K [0x00000006c0000000, 0x00000006eca80000, 0x000000076ab00000)
  object space 731648K, 83% used [0x00000006c0000000,0x00000006e540bc58,0x00000006eca80000)
 Metaspace       used 6954K, capacity 7416K, committed 7680K, reserved 1056768K
  class space    used 653K, capacity 688K, committed 768K, reserved 1048576K

Deoptimization events (10 events):
Event: 13.922 Thread 0x000000001f536800 Uncommon trap: reason=unstable_if action=reinterpret pc=0x00000000031d6ccc method=com.android.dx.cf.code.Merger.isPossiblyAssignableFrom(Lcom/android/dx/rop/type/TypeBearer;Lcom/android/dx/rop/type/TypeBearer;)Z @ 177
Event: 14.261 Thread 0x00000000239db800 Uncommon trap: reason=unstable_if action=reinterpret pc=0x00000000027f0a34 method=com.android.dx.dex.code.DalvCode.hasPositions()Z @ 15
Event: 14.299 Thread 0x000000000049e000 Uncommon trap: reason=unstable_if action=reinterpret pc=0x0000000003011a6c method=com.android.dx.ssa.DeadCodeRemover.pruneDeadInstructions()V @ 49
Event: 14.299 Thread 0x000000000049e000 Uncommon trap: reason=unstable_if action=reinterpret pc=0x0000000002603190 method=com.android.dx.ssa.SsaMethod.onInsnRemoved(Lcom/android/dx/ssa/SsaInsn;)V @ 29
Event: 14.704 Thread 0x000000001f3e0800 Uncommon trap: reason=bimorphic action=maybe_recompile pc=0x000000000254e450 method=com.android.dx.cf.code.BytecodeArray.parseInstruction(ILcom/android/dx/cf/code/BytecodeArray$Visitor;)I @ 2281
Event: 14.704 Thread 0x000000001f3e0800 Uncommon trap: reason=bimorphic action=maybe_recompile pc=0x000000000254e450 method=com.android.dx.cf.code.BytecodeArray.parseInstruction(ILcom/android/dx/cf/code/BytecodeArray$Visitor;)I @ 2281
Event: 14.814 Thread 0x000000001f3e0800 Uncommon trap: reason=unstable_if action=reinterpret pc=0x0000000002c59d8c method=com.android.dx.cf.code.Merger.isPossiblyAssignableFrom(Lcom/android/dx/rop/type/TypeBearer;Lcom/android/dx/rop/type/TypeBearer;)Z @ 131
Event: 14.840 Thread 0x000000001f533000 Uncommon trap: reason=bimorphic action=maybe_recompile pc=0x000000000254e450 method=com.android.dx.cf.code.BytecodeArray.parseInstruction(ILcom/android/dx/cf/code/BytecodeArray$Visitor;)I @ 2281
Event: 14.840 Thread 0x000000001f533000 Uncommon trap: reason=bimorphic action=maybe_recompile pc=0x000000000254e450 method=com.android.dx.cf.code.BytecodeArray.parseInstruction(ILcom/android/dx/cf/code/BytecodeArray$Visitor;)I @ 2281
Event: 14.912 Thread 0x000000000049e000 Uncommon trap: reason=unstable_if action=reinterpret pc=0x00000000026a0218 method=com.android.dx.ssa.PhiTypeResolver.resolveResultType(Lcom/android/dx/ssa/PhiInsn;)Z @ 293

Internal exceptions (10 events):
Event: 0.631 Thread 0x000000001f533000 Exception <a 'java/lang/ArrayIndexOutOfBoundsException': 40> (0x000000076c19c8d0) thrown at [C:\re\workspace\8-2-build-windows-amd64-cygwin\jdk8u144\9417\hotspot\src\share\vm\interpreter\interpreterRuntime.cpp, line 366]
Event: 4.420 Thread 0x000000000049e000 Implicit null exception at 0x00000000024c60d7 to 0x00000000024c6a85
Event: 5.557 Thread 0x000000001f3e0800 Implicit null exception at 0x0000000002edc906 to 0x0000000002edf350
Event: 9.039 Thread 0x000000000049e000 Implicit null exception at 0x0000000002ba4b1f to 0x0000000002ba5b41
Event: 12.345 Thread 0x000000001f536800 Implicit null exception at 0x00000000026acf48 to 0x00000000026ad1f3
Event: 12.345 Thread 0x000000001f536800 Implicit null exception at 0x00000000026a5499 to 0x00000000026a5734
Event: 12.524 Thread 0x000000001f536800 Implicit null exception at 0x000000000307164e to 0x0000000003072985
Event: 13.474 Thread 0x000000001f537000 Implicit null exception at 0x00000000024a9ace to 0x00000000024a9f59
Event: 14.299 Thread 0x000000000049e000 Implicit null exception at 0x0000000002600fcc to 0x0000000002603121
Event: 14.912 Thread 0x000000000049e000 Implicit null exception at 0x000000000269ff63 to 0x00000000026a01f5

Events (10 events):
Event: 14.912 Thread 0x000000000049e000 Uncommon trap: trap_request=0xffffff65 fr.pc=0x00000000026a0218
Event: 14.912 Thread 0x000000000049e000 DEOPT PACKING pc=0x00000000026a0218 sp=0x000000000233e2b0
Event: 14.912 Thread 0x000000000049e000 DEOPT UNPACKING pc=0x000000000238582a sp=0x000000000233e1f0 mode 2
Event: 14.915 Thread 0x000000001d1ec000 flushing nmethod 0x0000000002c914d0
Event: 14.915 Thread 0x000000001d1ec000 flushing nmethod 0x0000000002c9ac50
Event: 14.915 Thread 0x000000001d1ec000 flushing nmethod 0x0000000002cd3b90
Event: 14.915 Thread 0x000000001d1ec000 flushing nmethod 0x0000000002d29150
Event: 14.915 Thread 0x000000001d1ec000 flushing nmethod 0x0000000002d6df10
Event: 14.915 Thread 0x000000001d1ec000 flushing nmethod 0x0000000002d77950
Event: 14.922 Executing VM operation: ParallelGCFailedAllocation


Dynamic libraries:
0x000000013f570000 - 0x000000013f5a7000 	C:\Program Files\Java\jdk1.8.0_144\bin\java.exe
0x0000000077130000 - 0x00000000772da000 	C:\Windows\SYSTEM32\ntdll.dll
0x0000000077010000 - 0x000000007712f000 	C:\Windows\system32\kernel32.dll
0x000007fefd0f0000 - 0x000007fefd15a000 	C:\Windows\system32\KERNELBASE.dll
0x000007fefd520000 - 0x000007fefd5fb000 	C:\Windows\system32\ADVAPI32.dll
0x000007fefdae0000 - 0x000007fefdb7f000 	C:\Windows\system32\msvcrt.dll
0x000007fefd600000 - 0x000007fefd61f000 	C:\Windows\SYSTEM32\sechost.dll
0x000007fefd6b0000 - 0x000007fefd7dd000 	C:\Windows\system32\RPCRT4.dll
0x0000000076f10000 - 0x000000007700a000 	C:\Windows\system32\USER32.dll
0x000007fefdb80000 - 0x000007fefdbe7000 	C:\Windows\system32\GDI32.dll
0x000007fefec00000 - 0x000007fefec0e000 	C:\Windows\system32\LPK.dll
0x000007fefd450000 - 0x000007fefd51b000 	C:\Windows\system32\USP10.dll
0x000007fefb830000 - 0x000007fefba24000 	C:\Windows\WinSxS\amd64_microsoft.windows.common-controls_6595b64144ccf1df_6.0.7601.18837_none_fa3b1e3d17594757\COMCTL32.dll
0x000007fefec40000 - 0x000007fefecb1000 	C:\Windows\system32\SHLWAPI.dll
0x000007fefec10000 - 0x000007fefec3e000 	C:\Windows\system32\IMM32.DLL
0x000007fefefa0000 - 0x000007feff0a9000 	C:\Windows\system32\MSCTF.dll
0x00000000692a0000 - 0x0000000069372000 	C:\Program Files\Java\jdk1.8.0_144\jre\bin\msvcr100.dll
0x0000000067480000 - 0x0000000067d1d000 	C:\Program Files\Java\jdk1.8.0_144\jre\bin\server\jvm.dll
0x000007fef33a0000 - 0x000007fef33a9000 	C:\Windows\system32\WSOCK32.dll
0x000007fefdbf0000 - 0x000007fefdc3d000 	C:\Windows\system32\WS2_32.dll
0x000007fefd6a0000 - 0x000007fefd6a8000 	C:\Windows\system32\NSI.dll
0x000007fef7500000 - 0x000007fef753b000 	C:\Windows\system32\WINMM.dll
0x000007fefc170000 - 0x000007fefc17c000 	C:\Windows\system32\VERSION.dll
0x00000000772f0000 - 0x00000000772f7000 	C:\Windows\system32\PSAPI.DLL
0x00000000704d0000 - 0x00000000704df000 	C:\Program Files\Java\jdk1.8.0_144\jre\bin\verify.dll
0x000000006f440000 - 0x000000006f469000 	C:\Program Files\Java\jdk1.8.0_144\jre\bin\java.dll
0x000000006faa0000 - 0x000000006fab6000 	C:\Program Files\Java\jdk1.8.0_144\jre\bin\zip.dll
0x000007fefde70000 - 0x000007fefebfa000 	C:\Windows\system32\SHELL32.dll
0x000007fefecc0000 - 0x000007fefeebc000 	C:\Windows\system32\ole32.dll
0x000007fefd040000 - 0x000007fefd04f000 	C:\Windows\system32\profapi.dll

VM Arguments:
jvm_args: -Djava.awt.headless=true -Xmx4g -Dfile.encoding=GBK -Duser.country=CN -Duser.language=zh -Duser.variant 
java_command: com.android.dx.command.Main --dex --num-threads=4 --multi-dex --main-dex-list E:\demo\trunk\AppCust\build\intermediates\multi-dex\debug\maindexlist.txt --output E:\demo\trunk\AppCust\build\intermediates\transforms\dex\debug\folders\1000\1f\main E:\demo\trunk\AppCust\build\intermediates\transforms\jarMerging\debug\jars\1\1f\combined.jar
java_class_path (initial): C:\Users\computer\AppData\Local\Android\Sdk\build-tools\25.0.0\lib\dx.jar
Launcher Type: SUN_STANDARD

Environment Variables:
PATH=C:\ProgramData\Oracle\Java\javapath;C:\Program Files\Java\jdk1.7.0_79\binC:\Windows\system32;C:\Windows;C:\Windows\System32\Wbem;C:\Windows\System32\WindowsPowerShell\v1.0\;C:\Program Files (x86)\Git\cmd;C:\Program Files\Java\jdk1.7.0_79\bin;C:\Program Files\Java\jdk1.7.0_79\jre\bin\tools.jar;E:\java\apache-jmeter-3.1\bin;E:\java\apache-jmeter-3.1\lib\ext;C:\Program Files\Java\jdk1.7.0_79\bin\dt.jar;E:\java\apache-jmeter-3.1\bin\ext\ApacheJMeter_core.jar;C:\Program Files\TortoiseSVN\bin
USERNAME=computer
OS=Windows_NT
PROCESSOR_IDENTIFIER=Intel64 Family 6 Model 60 Stepping 3, GenuineIntel



---------------  S Y S T E M  ---------------

OS: Windows 7 , 64 bit Build 7601 (6.1.7601.23889)

CPU:total 8 (initial active 8) (4 cores per cpu, 2 threads per core) family 6 model 60 stepping 3, cmov, cx8, fxsr, mmx, sse, sse2, sse3, ssse3, sse4.1, sse4.2, popcnt, avx, avx2, aes, clmul, erms, rtm, lzcnt, ht, tsc, tscinvbit, bmi1, bmi2

Memory: 4k page, physical 8247844k(653324k free), swap 8245984k(5112k free)

vm_info: Java HotSpot(TM) 64-Bit Server VM (25.144-b01) for windows-amd64 JRE (1.8.0_144-b01), built on Jul 21 2017 21:57:33 by "java_re" with MS VC++ 10.0 (VS2010)

time: Mon Sep 18 15:38:11 2017
elapsed time: 15 seconds (0d 0h 0m 15s)

